<?xml version="1.0" encoding="UTF-8"?>
<testsuite name="com.donggram.back.BackApplicationTests" tests="1" skipped="0" failures="0" errors="0" timestamp="2023-08-10T03:41:06" hostname="jeonchanghaui-noteubug.local" time="0.067">
  <properties/>
  <testcase name="contextLoads()" classname="com.donggram.back.BackApplicationTests" time="0.067"/>
  <system-out><![CDATA[12:41:04.191 [Test worker] DEBUG org.springframework.test.context.BootstrapUtils - Instantiating CacheAwareContextLoaderDelegate from class [org.springframework.test.context.cache.DefaultCacheAwareContextLoaderDelegate]
12:41:04.196 [Test worker] DEBUG org.springframework.test.context.BootstrapUtils - Instantiating BootstrapContext using constructor [public org.springframework.test.context.support.DefaultBootstrapContext(java.lang.Class,org.springframework.test.context.CacheAwareContextLoaderDelegate)]
12:41:04.208 [Test worker] DEBUG org.springframework.test.context.BootstrapUtils - Instantiating TestContextBootstrapper for test class [com.donggram.back.BackApplicationTests] from class [org.springframework.boot.test.context.SpringBootTestContextBootstrapper]
12:41:04.213 [Test worker] INFO org.springframework.boot.test.context.SpringBootTestContextBootstrapper - Neither @ContextConfiguration nor @ContextHierarchy found for test class [com.donggram.back.BackApplicationTests], using SpringBootContextLoader
12:41:04.214 [Test worker] DEBUG org.springframework.test.context.support.AbstractContextLoader - Did not detect default resource location for test class [com.donggram.back.BackApplicationTests]: class path resource [com/donggram/back/BackApplicationTests-context.xml] does not exist
12:41:04.215 [Test worker] DEBUG org.springframework.test.context.support.AbstractContextLoader - Did not detect default resource location for test class [com.donggram.back.BackApplicationTests]: class path resource [com/donggram/back/BackApplicationTestsContext.groovy] does not exist
12:41:04.215 [Test worker] INFO org.springframework.test.context.support.AbstractContextLoader - Could not detect default resource locations for test class [com.donggram.back.BackApplicationTests]: no resource found for suffixes {-context.xml, Context.groovy}.
12:41:04.215 [Test worker] INFO org.springframework.test.context.support.AnnotationConfigContextLoaderUtils - Could not detect default configuration classes for test class [com.donggram.back.BackApplicationTests]: BackApplicationTests does not declare any static, non-private, non-final, nested classes annotated with @Configuration.
12:41:04.230 [Test worker] DEBUG org.springframework.test.context.support.ActiveProfilesUtils - Could not find an 'annotation declaring class' for annotation type [org.springframework.test.context.ActiveProfiles] and class [com.donggram.back.BackApplicationTests]
12:41:04.255 [Test worker] DEBUG org.springframework.context.annotation.ClassPathScanningCandidateComponentProvider - Identified candidate component class: file [/Users/changha/Documents/23vacation/donggram-server-main/build/classes/java/main/com/donggram/back/BackApplication.class]
12:41:04.256 [Test worker] INFO org.springframework.boot.test.context.SpringBootTestContextBootstrapper - Found @SpringBootConfiguration com.donggram.back.BackApplication for test class com.donggram.back.BackApplicationTests
12:41:04.288 [Test worker] DEBUG org.springframework.boot.test.context.SpringBootTestContextBootstrapper - @TestExecutionListeners is not present for class [com.donggram.back.BackApplicationTests]: using defaults.
12:41:04.288 [Test worker] INFO org.springframework.boot.test.context.SpringBootTestContextBootstrapper - Loaded default TestExecutionListener class names from location [META-INF/spring.factories]: [org.springframework.boot.test.autoconfigure.restdocs.RestDocsTestExecutionListener, org.springframework.boot.test.autoconfigure.web.client.MockRestServiceServerResetTestExecutionListener, org.springframework.boot.test.autoconfigure.web.servlet.MockMvcPrintOnlyOnFailureTestExecutionListener, org.springframework.boot.test.autoconfigure.web.servlet.WebDriverTestExecutionListener, org.springframework.boot.test.autoconfigure.webservices.client.MockWebServiceServerTestExecutionListener, org.springframework.boot.test.mock.mockito.MockitoTestExecutionListener, org.springframework.boot.test.mock.mockito.ResetMocksTestExecutionListener, org.springframework.test.context.web.ServletTestExecutionListener, org.springframework.test.context.support.DirtiesContextBeforeModesTestExecutionListener, org.springframework.test.context.event.ApplicationEventsTestExecutionListener, org.springframework.test.context.support.DependencyInjectionTestExecutionListener, org.springframework.test.context.support.DirtiesContextTestExecutionListener, org.springframework.test.context.transaction.TransactionalTestExecutionListener, org.springframework.test.context.jdbc.SqlScriptsTestExecutionListener, org.springframework.test.context.event.EventPublishingTestExecutionListener]
12:41:04.295 [Test worker] INFO org.springframework.boot.test.context.SpringBootTestContextBootstrapper - Using TestExecutionListeners: [org.springframework.test.context.web.ServletTestExecutionListener@40f1be1b, org.springframework.test.context.support.DirtiesContextBeforeModesTestExecutionListener@7a791b66, org.springframework.test.context.event.ApplicationEventsTestExecutionListener@6f2cb653, org.springframework.boot.test.mock.mockito.MockitoTestExecutionListener@14c01636, org.springframework.boot.test.autoconfigure.SpringBootDependencyInjectionTestExecutionListener@590c73d3, org.springframework.test.context.support.DirtiesContextTestExecutionListener@6b9ce1bf, org.springframework.test.context.transaction.TransactionalTestExecutionListener@61884cb1, org.springframework.test.context.jdbc.SqlScriptsTestExecutionListener@75ed9710, org.springframework.test.context.event.EventPublishingTestExecutionListener@4fc5e095, org.springframework.boot.test.autoconfigure.restdocs.RestDocsTestExecutionListener@435871cb, org.springframework.boot.test.autoconfigure.web.client.MockRestServiceServerResetTestExecutionListener@609640d5, org.springframework.boot.test.autoconfigure.web.servlet.MockMvcPrintOnlyOnFailureTestExecutionListener@79da1ec0, org.springframework.boot.test.autoconfigure.web.servlet.WebDriverTestExecutionListener@19fb8826, org.springframework.boot.test.autoconfigure.webservices.client.MockWebServiceServerTestExecutionListener@192d74fb, org.springframework.boot.test.mock.mockito.ResetMocksTestExecutionListener@4bef0fe3]
12:41:04.296 [Test worker] DEBUG org.springframework.test.context.support.AbstractDirtiesContextTestExecutionListener - Before test class: context [DefaultTestContext@1e63ec0b testClass = BackApplicationTests, testInstance = [null], testMethod = [null], testException = [null], mergedContextConfiguration = [WebMergedContextConfiguration@3b956878 testClass = BackApplicationTests, locations = '{}', classes = '{class com.donggram.back.BackApplication}', contextInitializerClasses = '[]', activeProfiles = '{}', propertySourceLocations = '{}', propertySourceProperties = '{org.springframework.boot.test.context.SpringBootTestContextBootstrapper=true}', contextCustomizers = set[org.springframework.boot.test.autoconfigure.actuate.metrics.MetricsExportContextCustomizerFactory$DisableMetricExportContextCustomizer@38604b81, org.springframework.boot.test.autoconfigure.properties.PropertyMappingContextCustomizer@0, org.springframework.boot.test.autoconfigure.web.servlet.WebDriverContextCustomizerFactory$Customizer@1583741e, org.springframework.boot.test.context.filter.ExcludeFilterContextCustomizer@2e48362c, org.springframework.boot.test.json.DuplicateJsonObjectContextCustomizerFactory$DuplicateJsonObjectContextCustomizer@7e5c856f, org.springframework.boot.test.mock.mockito.MockitoContextCustomizer@0, org.springframework.boot.test.web.client.TestRestTemplateContextCustomizer@3f91b517, org.springframework.boot.test.context.SpringBootTestArgs@1, org.springframework.boot.test.context.SpringBootTestWebEnvironment@49e5f737], resourceBasePath = 'src/main/webapp', contextLoader = 'org.springframework.boot.test.context.SpringBootContextLoader', parent = [null]], attributes = map['org.springframework.test.context.web.ServletTestExecutionListener.activateListener' -> true]], class annotated with @DirtiesContext [false] with mode [null].

  .   ____          _            __ _ _
 /\\ / ___'_ __ _ _(_)_ __  __ _ \ \ \ \
( ( )\___ | '_ | '_| | '_ \/ _` | \ \ \ \
 \\/  ___)| |_)| | | | | || (_| |  ) ) ) )
  '  |____| .__|_| |_|_| |_\__, | / / / /
 =========|_|==============|___/=/_/_/_/
 :: Spring Boot ::               (v2.7.13)

2023-08-10 12:41:04.427  INFO 14707 --- [    Test worker] com.donggram.back.BackApplicationTests   : Starting BackApplicationTests using Java 19.0.2 on jeonchanghaui-noteubug.local with PID 14707 (started by changha in /Users/changha/Documents/23vacation/donggram-server-main)
2023-08-10 12:41:04.428  INFO 14707 --- [    Test worker] com.donggram.back.BackApplicationTests   : No active profile set, falling back to 1 default profile: "default"
2023-08-10 12:41:04.730  INFO 14707 --- [    Test worker] .s.d.r.c.RepositoryConfigurationDelegate : Bootstrapping Spring Data JPA repositories in DEFAULT mode.
2023-08-10 12:41:04.768  INFO 14707 --- [    Test worker] .s.d.r.c.RepositoryConfigurationDelegate : Finished Spring Data repository scanning in 34 ms. Found 6 JPA repository interfaces.
2023-08-10 12:41:05.025  INFO 14707 --- [    Test worker] com.zaxxer.hikari.HikariDataSource       : HikariPool-1 - Starting...
2023-08-10 12:41:05.194  INFO 14707 --- [    Test worker] com.zaxxer.hikari.HikariDataSource       : HikariPool-1 - Start completed.
2023-08-10 12:41:05.220  INFO 14707 --- [    Test worker] o.hibernate.jpa.internal.util.LogHelper  : HHH000204: Processing PersistenceUnitInfo [name: default]
2023-08-10 12:41:05.241  INFO 14707 --- [    Test worker] org.hibernate.Version                    : HHH000412: Hibernate ORM core version 5.6.15.Final
2023-08-10 12:41:05.304  INFO 14707 --- [    Test worker] o.hibernate.annotations.common.Version   : HCANN000001: Hibernate Commons Annotations {5.1.2.Final}
2023-08-10 12:41:05.343  INFO 14707 --- [    Test worker] org.hibernate.dialect.Dialect            : HHH000400: Using dialect: org.hibernate.dialect.MySQL5InnoDBDialect
2023-08-10 12:41:05.869  INFO 14707 --- [    Test worker] o.h.e.t.j.p.i.JtaPlatformInitiator       : HHH000490: Using JtaPlatform implementation: [org.hibernate.engine.transaction.jta.platform.internal.NoJtaPlatform]
2023-08-10 12:41:05.873  INFO 14707 --- [    Test worker] j.LocalContainerEntityManagerFactoryBean : Initialized JPA EntityManagerFactory for persistence unit 'default'
2023-08-10 12:41:06.187  INFO 14707 --- [    Test worker] o.s.s.web.DefaultSecurityFilterChain     : Will secure any request with [org.springframework.security.web.session.DisableEncodeUrlFilter@638341b0, org.springframework.security.web.context.request.async.WebAsyncManagerIntegrationFilter@7962c1d5, org.springframework.security.web.context.SecurityContextPersistenceFilter@4c0ab04f, org.springframework.security.web.header.HeaderWriterFilter@76219fe, org.springframework.security.web.authentication.logout.LogoutFilter@40d04cf8, com.donggram.back.jwt.JwtAuthenticationFilter@56226064, org.springframework.security.web.savedrequest.RequestCacheAwareFilter@5f14590c, org.springframework.security.web.servletapi.SecurityContextHolderAwareRequestFilter@46051269, org.springframework.security.web.authentication.AnonymousAuthenticationFilter@646c872a, org.springframework.security.web.session.SessionManagementFilter@633cad4d, org.springframework.security.web.access.ExceptionTranslationFilter@3fc051ce, org.springframework.security.web.access.intercept.FilterSecurityInterceptor@6166aac5]
2023-08-10 12:41:06.484  INFO 14707 --- [    Test worker] com.donggram.back.BackApplicationTests   : Started BackApplicationTests in 2.172 seconds (JVM running for 2.633)
]]></system-out>
  <system-err><![CDATA[]]></system-err>
</testsuite>
